<?xml version="1.0" encoding="UTF-8"?>
<testsuite xmlns:xsi="http://www.w3.org/2001/XMLSchema-instance" xsi:noNamespaceSchemaLocation="https://maven.apache.org/surefire/maven-surefire-plugin/xsd/surefire-test-report-3.0.xsd" version="3.0" name="TestSuite" time="33.585" tests="1" errors="0" skipped="0" failures="1">
  <properties>
    <property name="sun.desktop" value="windows"/>
    <property name="awt.toolkit" value="sun.awt.windows.WToolkit"/>
    <property name="java.specification.version" value="11"/>
    <property name="webdriver.chrome.driver" value="C:\Users\adminIroads\Downloads\chromedriver_win32\chromedriver.exe"/>
    <property name="sun.cpu.isalist" value="amd64"/>
    <property name="sun.jnu.encoding" value="Cp1252"/>
    <property name="java.class.path" value="C:\Users\adminIroads\Documents\is-il-automation-2.0\target\test-classes;C:\Users\adminIroads\Documents\is-il-automation-2.0\target\classes;C:\Users\adminIroads\.m2\repository\com\codeborne\selenide\5.16.0\selenide-5.16.0.jar;C:\Users\adminIroads\.m2\repository\org\seleniumhq\selenium\selenium-java\3.141.59\selenium-java-3.141.59.jar;C:\Users\adminIroads\.m2\repository\org\seleniumhq\selenium\selenium-api\3.141.59\selenium-api-3.141.59.jar;C:\Users\adminIroads\.m2\repository\org\seleniumhq\selenium\selenium-chrome-driver\3.141.59\selenium-chrome-driver-3.141.59.jar;C:\Users\adminIroads\.m2\repository\org\seleniumhq\selenium\selenium-edge-driver\3.141.59\selenium-edge-driver-3.141.59.jar;C:\Users\adminIroads\.m2\repository\org\seleniumhq\selenium\selenium-firefox-driver\3.141.59\selenium-firefox-driver-3.141.59.jar;C:\Users\adminIroads\.m2\repository\org\seleniumhq\selenium\selenium-ie-driver\3.141.59\selenium-ie-driver-3.141.59.jar;C:\Users\adminIroads\.m2\repository\org\seleniumhq\selenium\selenium-opera-driver\3.141.59\selenium-opera-driver-3.141.59.jar;C:\Users\adminIroads\.m2\repository\org\seleniumhq\selenium\selenium-remote-driver\3.141.59\selenium-remote-driver-3.141.59.jar;C:\Users\adminIroads\.m2\repository\org\seleniumhq\selenium\selenium-safari-driver\3.141.59\selenium-safari-driver-3.141.59.jar;C:\Users\adminIroads\.m2\repository\org\seleniumhq\selenium\selenium-support\3.141.59\selenium-support-3.141.59.jar;C:\Users\adminIroads\.m2\repository\org\apache\commons\commons-exec\1.3\commons-exec-1.3.jar;C:\Users\adminIroads\.m2\repository\com\squareup\okhttp3\okhttp\3.11.0\okhttp-3.11.0.jar;C:\Users\adminIroads\.m2\repository\com\squareup\okio\okio\1.14.0\okio-1.14.0.jar;C:\Users\adminIroads\.m2\repository\io\github\bonigarcia\webdrivermanager\4.2.2\webdrivermanager-4.2.2.jar;C:\Users\adminIroads\.m2\repository\commons-io\commons-io\2.8.0\commons-io-2.8.0.jar;C:\Users\adminIroads\.m2\repository\org\jsoup\jsoup\1.13.1\jsoup-1.13.1.jar;C:\Users\adminIroads\.m2\repository\org\rauschig\jarchivelib\1.1.0\jarchivelib-1.1.0.jar;C:\Users\adminIroads\.m2\repository\org\apache\commons\commons-compress\1.20\commons-compress-1.20.jar;C:\Users\adminIroads\.m2\repository\org\apache\httpcomponents\client5\httpclient5\5.0.3\httpclient5-5.0.3.jar;C:\Users\adminIroads\.m2\repository\org\apache\httpcomponents\core5\httpcore5\5.0.2\httpcore5-5.0.2.jar;C:\Users\adminIroads\.m2\repository\commons-codec\commons-codec\1.13\commons-codec-1.13.jar;C:\Users\adminIroads\.m2\repository\com\google\guava\guava\30.0-jre\guava-30.0-jre.jar;C:\Users\adminIroads\.m2\repository\com\google\guava\failureaccess\1.0.1\failureaccess-1.0.1.jar;C:\Users\adminIroads\.m2\repository\com\google\guava\listenablefuture\9999.0-empty-to-avoid-conflict-with-guava\listenablefuture-9999.0-empty-to-avoid-conflict-with-guava.jar;C:\Users\adminIroads\.m2\repository\com\google\code\findbugs\jsr305\3.0.2\jsr305-3.0.2.jar;C:\Users\adminIroads\.m2\repository\org\checkerframework\checker-qual\3.5.0\checker-qual-3.5.0.jar;C:\Users\adminIroads\.m2\repository\com\google\errorprone\error_prone_annotations\2.3.4\error_prone_annotations-2.3.4.jar;C:\Users\adminIroads\.m2\repository\com\google\j2objc\j2objc-annotations\1.3\j2objc-annotations-1.3.jar;C:\Users\adminIroads\.m2\repository\org\slf4j\slf4j-api\1.7.30\slf4j-api-1.7.30.jar;C:\Users\adminIroads\.m2\repository\org\testng\testng\6.14.3\testng-6.14.3.jar;C:\Users\adminIroads\.m2\repository\com\beust\jcommander\1.72\jcommander-1.72.jar;C:\Users\adminIroads\.m2\repository\org\apache-extras\beanshell\bsh\2.0b6\bsh-2.0b6.jar;C:\Users\adminIroads\.m2\repository\io\qameta\allure\allure-testng\2.13.5\allure-testng-2.13.5.jar;C:\Users\adminIroads\.m2\repository\io\qameta\allure\allure-java-commons\2.13.5\allure-java-commons-2.13.5.jar;C:\Users\adminIroads\.m2\repository\io\qameta\allure\allure-model\2.13.5\allure-model-2.13.5.jar;C:\Users\adminIroads\.m2\repository\com\fasterxml\jackson\core\jackson-databind\2.9.8\jackson-databind-2.9.8.jar;C:\Users\adminIroads\.m2\repository\com\fasterxml\jackson\core\jackson-annotations\2.9.0\jackson-annotations-2.9.0.jar;C:\Users\adminIroads\.m2\repository\com\fasterxml\jackson\core\jackson-core\2.9.8\jackson-core-2.9.8.jar;C:\Users\adminIroads\.m2\repository\org\apache\tika\tika-core\1.20\tika-core-1.20.jar;C:\Users\adminIroads\.m2\repository\org\jooq\joor-java-8\0.9.10\joor-java-8-0.9.10.jar;C:\Users\adminIroads\.m2\repository\io\qameta\allure\allure-selenide\2.13.5\allure-selenide-2.13.5.jar;C:\Users\adminIroads\.m2\repository\org\slf4j\slf4j-simple\1.7.30\slf4j-simple-1.7.30.jar;C:\Users\adminIroads\.m2\repository\com\google\cloud\google-cloud\0.5.0\google-cloud-0.5.0.jar;C:\Users\adminIroads\.m2\repository\com\google\cloud\google-cloud-bigquery\0.5.0\google-cloud-bigquery-0.5.0.jar;C:\Users\adminIroads\.m2\repository\com\google\apis\google-api-services-bigquery\v2-rev303-1.22.0\google-api-services-bigquery-v2-rev303-1.22.0.jar;C:\Users\adminIroads\.m2\repository\com\google\api-client\google-api-client\1.22.0\google-api-client-1.22.0.jar;C:\Users\adminIroads\.m2\repository\com\google\cloud\google-cloud-compute\0.5.0\google-cloud-compute-0.5.0.jar;C:\Users\adminIroads\.m2\repository\com\google\apis\google-api-services-compute\v1-rev103-1.21.0\google-api-services-compute-v1-rev103-1.21.0.jar;C:\Users\adminIroads\.m2\repository\com\google\cloud\google-cloud-core\0.5.0\google-cloud-core-0.5.0.jar;C:\Users\adminIroads\.m2\repository\com\google\auth\google-auth-library-credentials\0.3.1\google-auth-library-credentials-0.3.1.jar;C:\Users\adminIroads\.m2\repository\com\google\auth\google-auth-library-oauth2-http\0.3.1\google-auth-library-oauth2-http-0.3.1.jar;C:\Users\adminIroads\.m2\repository\com\google\http-client\google-http-client-jackson2\1.19.0\google-http-client-jackson2-1.19.0.jar;C:\Users\adminIroads\.m2\repository\com\google\http-client\google-http-client\1.21.0\google-http-client-1.21.0.jar;C:\Users\adminIroads\.m2\repository\com\google\oauth-client\google-oauth-client\1.21.0\google-oauth-client-1.21.0.jar;C:\Users\adminIroads\.m2\repository\com\google\api-client\google-api-client-appengine\1.21.0\google-api-client-appengine-1.21.0.jar;C:\Users\adminIroads\.m2\repository\com\google\oauth-client\google-oauth-client-appengine\1.21.0\google-oauth-client-appengine-1.21.0.jar;C:\Users\adminIroads\.m2\repository\com\google\oauth-client\google-oauth-client-servlet\1.21.0\google-oauth-client-servlet-1.21.0.jar;C:\Users\adminIroads\.m2\repository\com\google\http-client\google-http-client-jdo\1.21.0\google-http-client-jdo-1.21.0.jar;C:\Users\adminIroads\.m2\repository\javax\servlet\servlet-api\2.5\servlet-api-2.5.jar;C:\Users\adminIroads\.m2\repository\com\google\api-client\google-api-client-servlet\1.21.0\google-api-client-servlet-1.21.0.jar;C:\Users\adminIroads\.m2\repository\javax\jdo\jdo2-api\2.3-eb\jdo2-api-2.3-eb.jar;C:\Users\adminIroads\.m2\repository\javax\transaction\transaction-api\1.1\transaction-api-1.1.jar;C:\Users\adminIroads\.m2\repository\com\google\http-client\google-http-client-appengine\1.21.0\google-http-client-appengine-1.21.0.jar;C:\Users\adminIroads\.m2\repository\com\google\http-client\google-http-client-jackson\1.21.0\google-http-client-jackson-1.21.0.jar;C:\Users\adminIroads\.m2\repository\org\codehaus\jackson\jackson-core-asl\1.9.11\jackson-core-asl-1.9.11.jar;C:\Users\adminIroads\.m2\repository\joda-time\joda-time\2.9.2\joda-time-2.9.2.jar;C:\Users\adminIroads\.m2\repository\org\json\json\20151123\json-20151123.jar;C:\Users\adminIroads\.m2\repository\com\google\protobuf\protobuf-java\3.0.0\protobuf-java-3.0.0.jar;C:\Users\adminIroads\.m2\repository\com\google\api\gax\0.0.21\gax-0.0.21.jar;C:\Users\adminIroads\.m2\repository\com\google\auto\value\auto-value\1.2\auto-value-1.2.jar;C:\Users\adminIroads\.m2\repository\com\google\inject\guice\4.0\guice-4.0.jar;C:\Users\adminIroads\.m2\repository\javax\inject\javax.inject\1\javax.inject-1.jar;C:\Users\adminIroads\.m2\repository\aopalliance\aopalliance\1.0\aopalliance-1.0.jar;C:\Users\adminIroads\.m2\repository\com\google\api\grpc\grpc-google-common-protos\0.1.0\grpc-google-common-protos-0.1.0.jar;C:\Users\adminIroads\.m2\repository\com\google\api\grpc\grpc-google-iam-v1\0.1.0\grpc-google-iam-v1-0.1.0.jar;C:\Users\adminIroads\.m2\repository\com\google\cloud\google-cloud-datastore\0.5.0\google-cloud-datastore-0.5.0.jar;C:\Users\adminIroads\.m2\repository\com\google\cloud\datastore\datastore-v1-protos\1.3.0\datastore-v1-protos-1.3.0.jar;C:\Users\adminIroads\.m2\repository\com\google\cloud\datastore\datastore-v1-proto-client\1.3.0\datastore-v1-proto-client-1.3.0.jar;C:\Users\adminIroads\.m2\repository\com\google\http-client\google-http-client-protobuf\1.20.0\google-http-client-protobuf-1.20.0.jar;C:\Users\adminIroads\.m2\repository\com\google\cloud\google-cloud-dns\0.5.0\google-cloud-dns-0.5.0.jar;C:\Users\adminIroads\.m2\repository\com\google\apis\google-api-services-dns\v1-rev7-1.21.0\google-api-services-dns-v1-rev7-1.21.0.jar;C:\Users\adminIroads\.m2\repository\commons-fileupload\commons-fileupload\1.3.1\commons-fileupload-1.3.1.jar;C:\Users\adminIroads\.m2\repository\com\google\cloud\google-cloud-errorreporting\0.5.0\google-cloud-errorreporting-0.5.0.jar;C:\Users\adminIroads\.m2\repository\io\netty\netty-tcnative-boringssl-static\1.1.33.Fork19\netty-tcnative-boringssl-static-1.1.33.Fork19.jar;C:\Users\adminIroads\.m2\repository\com\google\api\grpc\grpc-google-devtools-clouderrorreporting-v1beta1\0.1.0\grpc-google-devtools-clouderrorreporting-v1beta1-0.1.0.jar;C:\Users\adminIroads\.m2\repository\io\grpc\grpc-all\1.0.1\grpc-all-1.0.1.jar;C:\Users\adminIroads\.m2\repository\io\grpc\grpc-auth\1.0.1\grpc-auth-1.0.1.jar;C:\Users\adminIroads\.m2\repository\io\grpc\grpc-context\1.0.1\grpc-context-1.0.1.jar;C:\Users\adminIroads\.m2\repository\io\grpc\grpc-protobuf\1.0.1\grpc-protobuf-1.0.1.jar;C:\Users\adminIroads\.m2\repository\com\google\protobuf\protobuf-java-util\3.0.0\protobuf-java-util-3.0.0.jar;C:\Users\adminIroads\.m2\repository\io\grpc\grpc-netty\1.0.1\grpc-netty-1.0.1.jar;C:\Users\adminIroads\.m2\repository\io\netty\netty-codec-http2\4.1.3.Final\netty-codec-http2-4.1.3.Final.jar;C:\Users\adminIroads\.m2\repository\io\netty\netty-codec-http\4.1.3.Final\netty-codec-http-4.1.3.Final.jar;C:\Users\adminIroads\.m2\repository\io\netty\netty-codec\4.1.3.Final\netty-codec-4.1.3.Final.jar;C:\Users\adminIroads\.m2\repository\io\netty\netty-handler\4.1.3.Final\netty-handler-4.1.3.Final.jar;C:\Users\adminIroads\.m2\repository\io\netty\netty-buffer\4.1.3.Final\netty-buffer-4.1.3.Final.jar;C:\Users\adminIroads\.m2\repository\io\netty\netty-common\4.1.3.Final\netty-common-4.1.3.Final.jar;C:\Users\adminIroads\.m2\repository\io\netty\netty-transport\4.1.3.Final\netty-transport-4.1.3.Final.jar;C:\Users\adminIroads\.m2\repository\io\netty\netty-resolver\4.1.3.Final\netty-resolver-4.1.3.Final.jar;C:\Users\adminIroads\.m2\repository\io\grpc\grpc-stub\1.0.1\grpc-stub-1.0.1.jar;C:\Users\adminIroads\.m2\repository\io\grpc\grpc-protobuf-nano\1.0.1\grpc-protobuf-nano-1.0.1.jar;C:\Users\adminIroads\.m2\repository\com\google\protobuf\nano\protobuf-javanano\3.0.0-alpha-5\protobuf-javanano-3.0.0-alpha-5.jar;C:\Users\adminIroads\.m2\repository\io\grpc\grpc-core\1.0.1\grpc-core-1.0.1.jar;C:\Users\adminIroads\.m2\repository\io\grpc\grpc-okhttp\1.0.1\grpc-okhttp-1.0.1.jar;C:\Users\adminIroads\.m2\repository\com\squareup\okhttp\okhttp\2.5.0\okhttp-2.5.0.jar;C:\Users\adminIroads\.m2\repository\io\grpc\grpc-protobuf-lite\1.0.1\grpc-protobuf-lite-1.0.1.jar;C:\Users\adminIroads\.m2\repository\com\google\protobuf\protobuf-lite\3.0.1\protobuf-lite-3.0.1.jar;C:\Users\adminIroads\.m2\repository\com\google\cloud\google-cloud-language\0.5.0\google-cloud-language-0.5.0.jar;C:\Users\adminIroads\.m2\repository\com\google\api\grpc\grpc-google-cloud-language-v1beta1\0.1.0\grpc-google-cloud-language-v1beta1-0.1.0.jar;C:\Users\adminIroads\.m2\repository\com\google\cloud\google-cloud-logging\0.5.0\google-cloud-logging-0.5.0.jar;C:\Users\adminIroads\.m2\repository\com\google\api\grpc\grpc-google-logging-v2\0.1.1\grpc-google-logging-v2-0.1.1.jar;C:\Users\adminIroads\.m2\repository\com\google\cloud\google-cloud-monitoring\0.5.0\google-cloud-monitoring-0.5.0.jar;C:\Users\adminIroads\.m2\repository\com\google\api\grpc\grpc-google-monitoring-v3\0.1.0\grpc-google-monitoring-v3-0.1.0.jar;C:\Users\adminIroads\.m2\repository\com\google\cloud\google-cloud-pubsub\0.5.0\google-cloud-pubsub-0.5.0.jar;C:\Users\adminIroads\.m2\repository\com\google\api\grpc\grpc-google-pubsub-v1\0.1.0\grpc-google-pubsub-v1-0.1.0.jar;C:\Users\adminIroads\.m2\repository\com\google\cloud\google-cloud-resourcemanager\0.5.0\google-cloud-resourcemanager-0.5.0.jar;C:\Users\adminIroads\.m2\repository\com\google\apis\google-api-services-cloudresourcemanager\v1beta1-rev10-1.21.0\google-api-services-cloudresourcemanager-v1beta1-rev10-1.21.0.jar;C:\Users\adminIroads\.m2\repository\com\google\cloud\google-cloud-speech\0.5.0\google-cloud-speech-0.5.0.jar;C:\Users\adminIroads\.m2\repository\com\google\api\grpc\grpc-google-cloud-speech-v1beta1\0.1.0\grpc-google-cloud-speech-v1beta1-0.1.0.jar;C:\Users\adminIroads\.m2\repository\com\google\cloud\google-cloud-storage\0.5.0\google-cloud-storage-0.5.0.jar;C:\Users\adminIroads\.m2\repository\com\google\apis\google-api-services-storage\v1-rev85-1.22.0\google-api-services-storage-v1-rev85-1.22.0.jar;C:\Users\adminIroads\.m2\repository\com\google\cloud\google-cloud-trace\0.5.0\google-cloud-trace-0.5.0.jar;C:\Users\adminIroads\.m2\repository\com\google\api\grpc\grpc-google-devtools-cloudtrace-v1\0.1.0\grpc-google-devtools-cloudtrace-v1-0.1.0.jar;C:\Users\adminIroads\.m2\repository\com\google\cloud\google-cloud-translate\0.5.0\google-cloud-translate-0.5.0.jar;C:\Users\adminIroads\.m2\repository\com\google\apis\google-api-services-translate\v2-rev47-1.22.0\google-api-services-translate-v2-rev47-1.22.0.jar;C:\Users\adminIroads\.m2\repository\com\google\cloud\google-cloud-vision\0.5.0\google-cloud-vision-0.5.0.jar;C:\Users\adminIroads\.m2\repository\com\google\api\grpc\grpc-google-cloud-vision-v1\0.1.0\grpc-google-cloud-vision-v1-0.1.0.jar;C:\Users\adminIroads\.m2\repository\javax\mail\mail\1.5.0-b01\mail-1.5.0-b01.jar;C:\Users\adminIroads\.m2\repository\javax\activation\activation\1.1.1\activation-1.1.1.jar;C:\Users\adminIroads\.m2\repository\io\appium\java-client\4.1.2\java-client-4.1.2.jar;C:\Users\adminIroads\.m2\repository\org\apache\httpcomponents\httpclient\4.5.2\httpclient-4.5.2.jar;C:\Users\adminIroads\.m2\repository\org\apache\httpcomponents\httpcore\4.4.4\httpcore-4.4.4.jar;C:\Users\adminIroads\.m2\repository\commons-logging\commons-logging\1.2\commons-logging-1.2.jar;C:\Users\adminIroads\.m2\repository\commons-validator\commons-validator\1.5.1\commons-validator-1.5.1.jar;C:\Users\adminIroads\.m2\repository\commons-beanutils\commons-beanutils\1.9.2\commons-beanutils-1.9.2.jar;C:\Users\adminIroads\.m2\repository\commons-digester\commons-digester\1.8.1\commons-digester-1.8.1.jar;C:\Users\adminIroads\.m2\repository\commons-collections\commons-collections\3.2.2\commons-collections-3.2.2.jar;C:\Users\adminIroads\.m2\repository\cglib\cglib-nodep\3.2.4\cglib-nodep-3.2.4.jar;C:\Users\adminIroads\.m2\repository\org\springframework\spring-context\4.3.2.RELEASE\spring-context-4.3.2.RELEASE.jar;C:\Users\adminIroads\.m2\repository\org\springframework\spring-aop\4.3.2.RELEASE\spring-aop-4.3.2.RELEASE.jar;C:\Users\adminIroads\.m2\repository\org\springframework\spring-beans\4.3.2.RELEASE\spring-beans-4.3.2.RELEASE.jar;C:\Users\adminIroads\.m2\repository\org\springframework\spring-core\4.3.2.RELEASE\spring-core-4.3.2.RELEASE.jar;C:\Users\adminIroads\.m2\repository\org\springframework\spring-expression\4.3.2.RELEASE\spring-expression-4.3.2.RELEASE.jar;C:\Users\adminIroads\.m2\repository\org\aspectj\aspectjweaver\1.8.9\aspectjweaver-1.8.9.jar;C:\Users\adminIroads\.m2\repository\com\google\code\gson\gson\2.3.1\gson-2.3.1.jar;C:\Users\adminIroads\.m2\repository\org\apache\commons\commons-lang3\3.5\commons-lang3-3.5.jar;C:\Users\adminIroads\.m2\repository\org\jboss\aerogear\aerogear-otp-java\1.0.0\aerogear-otp-java-1.0.0.jar;"/>
    <property name="java.vm.vendor" value="Oracle Corporation"/>
    <property name="sun.arch.data.model" value="64"/>
    <property name="user.variant" value=""/>
    <property name="java.vendor.url" value="http://java.oracle.com/"/>
    <property name="user.timezone" value="UTC"/>
    <property name="java.vm.specification.version" value="11"/>
    <property name="os.name" value="Windows 10"/>
    <property name="sun.java.launcher" value="SUN_STANDARD"/>
    <property name="user.country" value="US"/>
    <property name="sun.boot.library.path" value="C:\Program Files\Java\JAVA_HOME_11_X64_openjdk-11.0.2_windows-x64_bin_zip\jdk-11.0.2\bin"/>
    <property name="sun.java.command" value="C:\Users\adminIroads\AppData\Local\Temp\surefire13642600998449353021\surefirebooter11582869146766952835.jar C:\Users\adminIroads\AppData\Local\Temp\surefire13642600998449353021 2023-07-17T12-09-01_665-jvmRun1 surefire5519159502541677942tmp surefire_04963336546607579817tmp"/>
    <property name="jdk.debug" value="release"/>
    <property name="surefire.test.class.path" value="C:\Users\adminIroads\Documents\is-il-automation-2.0\target\test-classes;C:\Users\adminIroads\Documents\is-il-automation-2.0\target\classes;C:\Users\adminIroads\.m2\repository\com\codeborne\selenide\5.16.0\selenide-5.16.0.jar;C:\Users\adminIroads\.m2\repository\org\seleniumhq\selenium\selenium-java\3.141.59\selenium-java-3.141.59.jar;C:\Users\adminIroads\.m2\repository\org\seleniumhq\selenium\selenium-api\3.141.59\selenium-api-3.141.59.jar;C:\Users\adminIroads\.m2\repository\org\seleniumhq\selenium\selenium-chrome-driver\3.141.59\selenium-chrome-driver-3.141.59.jar;C:\Users\adminIroads\.m2\repository\org\seleniumhq\selenium\selenium-edge-driver\3.141.59\selenium-edge-driver-3.141.59.jar;C:\Users\adminIroads\.m2\repository\org\seleniumhq\selenium\selenium-firefox-driver\3.141.59\selenium-firefox-driver-3.141.59.jar;C:\Users\adminIroads\.m2\repository\org\seleniumhq\selenium\selenium-ie-driver\3.141.59\selenium-ie-driver-3.141.59.jar;C:\Users\adminIroads\.m2\repository\org\seleniumhq\selenium\selenium-opera-driver\3.141.59\selenium-opera-driver-3.141.59.jar;C:\Users\adminIroads\.m2\repository\org\seleniumhq\selenium\selenium-remote-driver\3.141.59\selenium-remote-driver-3.141.59.jar;C:\Users\adminIroads\.m2\repository\org\seleniumhq\selenium\selenium-safari-driver\3.141.59\selenium-safari-driver-3.141.59.jar;C:\Users\adminIroads\.m2\repository\org\seleniumhq\selenium\selenium-support\3.141.59\selenium-support-3.141.59.jar;C:\Users\adminIroads\.m2\repository\org\apache\commons\commons-exec\1.3\commons-exec-1.3.jar;C:\Users\adminIroads\.m2\repository\com\squareup\okhttp3\okhttp\3.11.0\okhttp-3.11.0.jar;C:\Users\adminIroads\.m2\repository\com\squareup\okio\okio\1.14.0\okio-1.14.0.jar;C:\Users\adminIroads\.m2\repository\io\github\bonigarcia\webdrivermanager\4.2.2\webdrivermanager-4.2.2.jar;C:\Users\adminIroads\.m2\repository\commons-io\commons-io\2.8.0\commons-io-2.8.0.jar;C:\Users\adminIroads\.m2\repository\org\jsoup\jsoup\1.13.1\jsoup-1.13.1.jar;C:\Users\adminIroads\.m2\repository\org\rauschig\jarchivelib\1.1.0\jarchivelib-1.1.0.jar;C:\Users\adminIroads\.m2\repository\org\apache\commons\commons-compress\1.20\commons-compress-1.20.jar;C:\Users\adminIroads\.m2\repository\org\apache\httpcomponents\client5\httpclient5\5.0.3\httpclient5-5.0.3.jar;C:\Users\adminIroads\.m2\repository\org\apache\httpcomponents\core5\httpcore5\5.0.2\httpcore5-5.0.2.jar;C:\Users\adminIroads\.m2\repository\commons-codec\commons-codec\1.13\commons-codec-1.13.jar;C:\Users\adminIroads\.m2\repository\com\google\guava\guava\30.0-jre\guava-30.0-jre.jar;C:\Users\adminIroads\.m2\repository\com\google\guava\failureaccess\1.0.1\failureaccess-1.0.1.jar;C:\Users\adminIroads\.m2\repository\com\google\guava\listenablefuture\9999.0-empty-to-avoid-conflict-with-guava\listenablefuture-9999.0-empty-to-avoid-conflict-with-guava.jar;C:\Users\adminIroads\.m2\repository\com\google\code\findbugs\jsr305\3.0.2\jsr305-3.0.2.jar;C:\Users\adminIroads\.m2\repository\org\checkerframework\checker-qual\3.5.0\checker-qual-3.5.0.jar;C:\Users\adminIroads\.m2\repository\com\google\errorprone\error_prone_annotations\2.3.4\error_prone_annotations-2.3.4.jar;C:\Users\adminIroads\.m2\repository\com\google\j2objc\j2objc-annotations\1.3\j2objc-annotations-1.3.jar;C:\Users\adminIroads\.m2\repository\org\slf4j\slf4j-api\1.7.30\slf4j-api-1.7.30.jar;C:\Users\adminIroads\.m2\repository\org\testng\testng\6.14.3\testng-6.14.3.jar;C:\Users\adminIroads\.m2\repository\com\beust\jcommander\1.72\jcommander-1.72.jar;C:\Users\adminIroads\.m2\repository\org\apache-extras\beanshell\bsh\2.0b6\bsh-2.0b6.jar;C:\Users\adminIroads\.m2\repository\io\qameta\allure\allure-testng\2.13.5\allure-testng-2.13.5.jar;C:\Users\adminIroads\.m2\repository\io\qameta\allure\allure-java-commons\2.13.5\allure-java-commons-2.13.5.jar;C:\Users\adminIroads\.m2\repository\io\qameta\allure\allure-model\2.13.5\allure-model-2.13.5.jar;C:\Users\adminIroads\.m2\repository\com\fasterxml\jackson\core\jackson-databind\2.9.8\jackson-databind-2.9.8.jar;C:\Users\adminIroads\.m2\repository\com\fasterxml\jackson\core\jackson-annotations\2.9.0\jackson-annotations-2.9.0.jar;C:\Users\adminIroads\.m2\repository\com\fasterxml\jackson\core\jackson-core\2.9.8\jackson-core-2.9.8.jar;C:\Users\adminIroads\.m2\repository\org\apache\tika\tika-core\1.20\tika-core-1.20.jar;C:\Users\adminIroads\.m2\repository\org\jooq\joor-java-8\0.9.10\joor-java-8-0.9.10.jar;C:\Users\adminIroads\.m2\repository\io\qameta\allure\allure-selenide\2.13.5\allure-selenide-2.13.5.jar;C:\Users\adminIroads\.m2\repository\org\slf4j\slf4j-simple\1.7.30\slf4j-simple-1.7.30.jar;C:\Users\adminIroads\.m2\repository\com\google\cloud\google-cloud\0.5.0\google-cloud-0.5.0.jar;C:\Users\adminIroads\.m2\repository\com\google\cloud\google-cloud-bigquery\0.5.0\google-cloud-bigquery-0.5.0.jar;C:\Users\adminIroads\.m2\repository\com\google\apis\google-api-services-bigquery\v2-rev303-1.22.0\google-api-services-bigquery-v2-rev303-1.22.0.jar;C:\Users\adminIroads\.m2\repository\com\google\api-client\google-api-client\1.22.0\google-api-client-1.22.0.jar;C:\Users\adminIroads\.m2\repository\com\google\cloud\google-cloud-compute\0.5.0\google-cloud-compute-0.5.0.jar;C:\Users\adminIroads\.m2\repository\com\google\apis\google-api-services-compute\v1-rev103-1.21.0\google-api-services-compute-v1-rev103-1.21.0.jar;C:\Users\adminIroads\.m2\repository\com\google\cloud\google-cloud-core\0.5.0\google-cloud-core-0.5.0.jar;C:\Users\adminIroads\.m2\repository\com\google\auth\google-auth-library-credentials\0.3.1\google-auth-library-credentials-0.3.1.jar;C:\Users\adminIroads\.m2\repository\com\google\auth\google-auth-library-oauth2-http\0.3.1\google-auth-library-oauth2-http-0.3.1.jar;C:\Users\adminIroads\.m2\repository\com\google\http-client\google-http-client-jackson2\1.19.0\google-http-client-jackson2-1.19.0.jar;C:\Users\adminIroads\.m2\repository\com\google\http-client\google-http-client\1.21.0\google-http-client-1.21.0.jar;C:\Users\adminIroads\.m2\repository\com\google\oauth-client\google-oauth-client\1.21.0\google-oauth-client-1.21.0.jar;C:\Users\adminIroads\.m2\repository\com\google\api-client\google-api-client-appengine\1.21.0\google-api-client-appengine-1.21.0.jar;C:\Users\adminIroads\.m2\repository\com\google\oauth-client\google-oauth-client-appengine\1.21.0\google-oauth-client-appengine-1.21.0.jar;C:\Users\adminIroads\.m2\repository\com\google\oauth-client\google-oauth-client-servlet\1.21.0\google-oauth-client-servlet-1.21.0.jar;C:\Users\adminIroads\.m2\repository\com\google\http-client\google-http-client-jdo\1.21.0\google-http-client-jdo-1.21.0.jar;C:\Users\adminIroads\.m2\repository\javax\servlet\servlet-api\2.5\servlet-api-2.5.jar;C:\Users\adminIroads\.m2\repository\com\google\api-client\google-api-client-servlet\1.21.0\google-api-client-servlet-1.21.0.jar;C:\Users\adminIroads\.m2\repository\javax\jdo\jdo2-api\2.3-eb\jdo2-api-2.3-eb.jar;C:\Users\adminIroads\.m2\repository\javax\transaction\transaction-api\1.1\transaction-api-1.1.jar;C:\Users\adminIroads\.m2\repository\com\google\http-client\google-http-client-appengine\1.21.0\google-http-client-appengine-1.21.0.jar;C:\Users\adminIroads\.m2\repository\com\google\http-client\google-http-client-jackson\1.21.0\google-http-client-jackson-1.21.0.jar;C:\Users\adminIroads\.m2\repository\org\codehaus\jackson\jackson-core-asl\1.9.11\jackson-core-asl-1.9.11.jar;C:\Users\adminIroads\.m2\repository\joda-time\joda-time\2.9.2\joda-time-2.9.2.jar;C:\Users\adminIroads\.m2\repository\org\json\json\20151123\json-20151123.jar;C:\Users\adminIroads\.m2\repository\com\google\protobuf\protobuf-java\3.0.0\protobuf-java-3.0.0.jar;C:\Users\adminIroads\.m2\repository\com\google\api\gax\0.0.21\gax-0.0.21.jar;C:\Users\adminIroads\.m2\repository\com\google\auto\value\auto-value\1.2\auto-value-1.2.jar;C:\Users\adminIroads\.m2\repository\com\google\inject\guice\4.0\guice-4.0.jar;C:\Users\adminIroads\.m2\repository\javax\inject\javax.inject\1\javax.inject-1.jar;C:\Users\adminIroads\.m2\repository\aopalliance\aopalliance\1.0\aopalliance-1.0.jar;C:\Users\adminIroads\.m2\repository\com\google\api\grpc\grpc-google-common-protos\0.1.0\grpc-google-common-protos-0.1.0.jar;C:\Users\adminIroads\.m2\repository\com\google\api\grpc\grpc-google-iam-v1\0.1.0\grpc-google-iam-v1-0.1.0.jar;C:\Users\adminIroads\.m2\repository\com\google\cloud\google-cloud-datastore\0.5.0\google-cloud-datastore-0.5.0.jar;C:\Users\adminIroads\.m2\repository\com\google\cloud\datastore\datastore-v1-protos\1.3.0\datastore-v1-protos-1.3.0.jar;C:\Users\adminIroads\.m2\repository\com\google\cloud\datastore\datastore-v1-proto-client\1.3.0\datastore-v1-proto-client-1.3.0.jar;C:\Users\adminIroads\.m2\repository\com\google\http-client\google-http-client-protobuf\1.20.0\google-http-client-protobuf-1.20.0.jar;C:\Users\adminIroads\.m2\repository\com\google\cloud\google-cloud-dns\0.5.0\google-cloud-dns-0.5.0.jar;C:\Users\adminIroads\.m2\repository\com\google\apis\google-api-services-dns\v1-rev7-1.21.0\google-api-services-dns-v1-rev7-1.21.0.jar;C:\Users\adminIroads\.m2\repository\commons-fileupload\commons-fileupload\1.3.1\commons-fileupload-1.3.1.jar;C:\Users\adminIroads\.m2\repository\com\google\cloud\google-cloud-errorreporting\0.5.0\google-cloud-errorreporting-0.5.0.jar;C:\Users\adminIroads\.m2\repository\io\netty\netty-tcnative-boringssl-static\1.1.33.Fork19\netty-tcnative-boringssl-static-1.1.33.Fork19.jar;C:\Users\adminIroads\.m2\repository\com\google\api\grpc\grpc-google-devtools-clouderrorreporting-v1beta1\0.1.0\grpc-google-devtools-clouderrorreporting-v1beta1-0.1.0.jar;C:\Users\adminIroads\.m2\repository\io\grpc\grpc-all\1.0.1\grpc-all-1.0.1.jar;C:\Users\adminIroads\.m2\repository\io\grpc\grpc-auth\1.0.1\grpc-auth-1.0.1.jar;C:\Users\adminIroads\.m2\repository\io\grpc\grpc-context\1.0.1\grpc-context-1.0.1.jar;C:\Users\adminIroads\.m2\repository\io\grpc\grpc-protobuf\1.0.1\grpc-protobuf-1.0.1.jar;C:\Users\adminIroads\.m2\repository\com\google\protobuf\protobuf-java-util\3.0.0\protobuf-java-util-3.0.0.jar;C:\Users\adminIroads\.m2\repository\io\grpc\grpc-netty\1.0.1\grpc-netty-1.0.1.jar;C:\Users\adminIroads\.m2\repository\io\netty\netty-codec-http2\4.1.3.Final\netty-codec-http2-4.1.3.Final.jar;C:\Users\adminIroads\.m2\repository\io\netty\netty-codec-http\4.1.3.Final\netty-codec-http-4.1.3.Final.jar;C:\Users\adminIroads\.m2\repository\io\netty\netty-codec\4.1.3.Final\netty-codec-4.1.3.Final.jar;C:\Users\adminIroads\.m2\repository\io\netty\netty-handler\4.1.3.Final\netty-handler-4.1.3.Final.jar;C:\Users\adminIroads\.m2\repository\io\netty\netty-buffer\4.1.3.Final\netty-buffer-4.1.3.Final.jar;C:\Users\adminIroads\.m2\repository\io\netty\netty-common\4.1.3.Final\netty-common-4.1.3.Final.jar;C:\Users\adminIroads\.m2\repository\io\netty\netty-transport\4.1.3.Final\netty-transport-4.1.3.Final.jar;C:\Users\adminIroads\.m2\repository\io\netty\netty-resolver\4.1.3.Final\netty-resolver-4.1.3.Final.jar;C:\Users\adminIroads\.m2\repository\io\grpc\grpc-stub\1.0.1\grpc-stub-1.0.1.jar;C:\Users\adminIroads\.m2\repository\io\grpc\grpc-protobuf-nano\1.0.1\grpc-protobuf-nano-1.0.1.jar;C:\Users\adminIroads\.m2\repository\com\google\protobuf\nano\protobuf-javanano\3.0.0-alpha-5\protobuf-javanano-3.0.0-alpha-5.jar;C:\Users\adminIroads\.m2\repository\io\grpc\grpc-core\1.0.1\grpc-core-1.0.1.jar;C:\Users\adminIroads\.m2\repository\io\grpc\grpc-okhttp\1.0.1\grpc-okhttp-1.0.1.jar;C:\Users\adminIroads\.m2\repository\com\squareup\okhttp\okhttp\2.5.0\okhttp-2.5.0.jar;C:\Users\adminIroads\.m2\repository\io\grpc\grpc-protobuf-lite\1.0.1\grpc-protobuf-lite-1.0.1.jar;C:\Users\adminIroads\.m2\repository\com\google\protobuf\protobuf-lite\3.0.1\protobuf-lite-3.0.1.jar;C:\Users\adminIroads\.m2\repository\com\google\cloud\google-cloud-language\0.5.0\google-cloud-language-0.5.0.jar;C:\Users\adminIroads\.m2\repository\com\google\api\grpc\grpc-google-cloud-language-v1beta1\0.1.0\grpc-google-cloud-language-v1beta1-0.1.0.jar;C:\Users\adminIroads\.m2\repository\com\google\cloud\google-cloud-logging\0.5.0\google-cloud-logging-0.5.0.jar;C:\Users\adminIroads\.m2\repository\com\google\api\grpc\grpc-google-logging-v2\0.1.1\grpc-google-logging-v2-0.1.1.jar;C:\Users\adminIroads\.m2\repository\com\google\cloud\google-cloud-monitoring\0.5.0\google-cloud-monitoring-0.5.0.jar;C:\Users\adminIroads\.m2\repository\com\google\api\grpc\grpc-google-monitoring-v3\0.1.0\grpc-google-monitoring-v3-0.1.0.jar;C:\Users\adminIroads\.m2\repository\com\google\cloud\google-cloud-pubsub\0.5.0\google-cloud-pubsub-0.5.0.jar;C:\Users\adminIroads\.m2\repository\com\google\api\grpc\grpc-google-pubsub-v1\0.1.0\grpc-google-pubsub-v1-0.1.0.jar;C:\Users\adminIroads\.m2\repository\com\google\cloud\google-cloud-resourcemanager\0.5.0\google-cloud-resourcemanager-0.5.0.jar;C:\Users\adminIroads\.m2\repository\com\google\apis\google-api-services-cloudresourcemanager\v1beta1-rev10-1.21.0\google-api-services-cloudresourcemanager-v1beta1-rev10-1.21.0.jar;C:\Users\adminIroads\.m2\repository\com\google\cloud\google-cloud-speech\0.5.0\google-cloud-speech-0.5.0.jar;C:\Users\adminIroads\.m2\repository\com\google\api\grpc\grpc-google-cloud-speech-v1beta1\0.1.0\grpc-google-cloud-speech-v1beta1-0.1.0.jar;C:\Users\adminIroads\.m2\repository\com\google\cloud\google-cloud-storage\0.5.0\google-cloud-storage-0.5.0.jar;C:\Users\adminIroads\.m2\repository\com\google\apis\google-api-services-storage\v1-rev85-1.22.0\google-api-services-storage-v1-rev85-1.22.0.jar;C:\Users\adminIroads\.m2\repository\com\google\cloud\google-cloud-trace\0.5.0\google-cloud-trace-0.5.0.jar;C:\Users\adminIroads\.m2\repository\com\google\api\grpc\grpc-google-devtools-cloudtrace-v1\0.1.0\grpc-google-devtools-cloudtrace-v1-0.1.0.jar;C:\Users\adminIroads\.m2\repository\com\google\cloud\google-cloud-translate\0.5.0\google-cloud-translate-0.5.0.jar;C:\Users\adminIroads\.m2\repository\com\google\apis\google-api-services-translate\v2-rev47-1.22.0\google-api-services-translate-v2-rev47-1.22.0.jar;C:\Users\adminIroads\.m2\repository\com\google\cloud\google-cloud-vision\0.5.0\google-cloud-vision-0.5.0.jar;C:\Users\adminIroads\.m2\repository\com\google\api\grpc\grpc-google-cloud-vision-v1\0.1.0\grpc-google-cloud-vision-v1-0.1.0.jar;C:\Users\adminIroads\.m2\repository\javax\mail\mail\1.5.0-b01\mail-1.5.0-b01.jar;C:\Users\adminIroads\.m2\repository\javax\activation\activation\1.1.1\activation-1.1.1.jar;C:\Users\adminIroads\.m2\repository\io\appium\java-client\4.1.2\java-client-4.1.2.jar;C:\Users\adminIroads\.m2\repository\org\apache\httpcomponents\httpclient\4.5.2\httpclient-4.5.2.jar;C:\Users\adminIroads\.m2\repository\org\apache\httpcomponents\httpcore\4.4.4\httpcore-4.4.4.jar;C:\Users\adminIroads\.m2\repository\commons-logging\commons-logging\1.2\commons-logging-1.2.jar;C:\Users\adminIroads\.m2\repository\commons-validator\commons-validator\1.5.1\commons-validator-1.5.1.jar;C:\Users\adminIroads\.m2\repository\commons-beanutils\commons-beanutils\1.9.2\commons-beanutils-1.9.2.jar;C:\Users\adminIroads\.m2\repository\commons-digester\commons-digester\1.8.1\commons-digester-1.8.1.jar;C:\Users\adminIroads\.m2\repository\commons-collections\commons-collections\3.2.2\commons-collections-3.2.2.jar;C:\Users\adminIroads\.m2\repository\cglib\cglib-nodep\3.2.4\cglib-nodep-3.2.4.jar;C:\Users\adminIroads\.m2\repository\org\springframework\spring-context\4.3.2.RELEASE\spring-context-4.3.2.RELEASE.jar;C:\Users\adminIroads\.m2\repository\org\springframework\spring-aop\4.3.2.RELEASE\spring-aop-4.3.2.RELEASE.jar;C:\Users\adminIroads\.m2\repository\org\springframework\spring-beans\4.3.2.RELEASE\spring-beans-4.3.2.RELEASE.jar;C:\Users\adminIroads\.m2\repository\org\springframework\spring-core\4.3.2.RELEASE\spring-core-4.3.2.RELEASE.jar;C:\Users\adminIroads\.m2\repository\org\springframework\spring-expression\4.3.2.RELEASE\spring-expression-4.3.2.RELEASE.jar;C:\Users\adminIroads\.m2\repository\org\aspectj\aspectjweaver\1.8.9\aspectjweaver-1.8.9.jar;C:\Users\adminIroads\.m2\repository\com\google\code\gson\gson\2.3.1\gson-2.3.1.jar;C:\Users\adminIroads\.m2\repository\org\apache\commons\commons-lang3\3.5\commons-lang3-3.5.jar;C:\Users\adminIroads\.m2\repository\org\jboss\aerogear\aerogear-otp-java\1.0.0\aerogear-otp-java-1.0.0.jar;"/>
    <property name="sun.cpu.endian" value="little"/>
    <property name="allure.results.directory" value="C:\Users\adminIroads\Documents\is-il-automation-2.0\target/allure-results"/>
    <property name="user.home" value="C:\Users\adminIroads"/>
    <property name="user.language" value="en"/>
    <property name="java.specification.vendor" value="Oracle Corporation"/>
    <property name="java.version.date" value="2019-01-15"/>
    <property name="java.home" value="C:\Program Files\Java\JAVA_HOME_11_X64_openjdk-11.0.2_windows-x64_bin_zip\jdk-11.0.2"/>
    <property name="file.separator" value="\"/>
    <property name="basedir" value="C:\Users\adminIroads\Documents\is-il-automation-2.0"/>
    <property name="java.vm.compressedOopsMode" value="32-bit"/>
    <property name="testFile" value="Creatio.xml"/>
    <property name="line.separator" value="&#10;"/>
    <property name="java.specification.name" value="Java Platform API Specification"/>
    <property name="java.vm.specification.vendor" value="Oracle Corporation"/>
    <property name="java.awt.graphicsenv" value="sun.awt.Win32GraphicsEnvironment"/>
    <property name="surefire.real.class.path" value="C:\Users\adminIroads\AppData\Local\Temp\surefire13642600998449353021\surefirebooter11582869146766952835.jar"/>
    <property name="user.script" value=""/>
    <property name="sun.management.compiler" value="HotSpot 64-Bit Tiered Compilers"/>
    <property name="java.runtime.version" value="11.0.2+9"/>
    <property name="user.name" value="adminIroads"/>
    <property name="path.separator" value=";"/>
    <property name="os.version" value="10.0"/>
    <property name="java.runtime.name" value="OpenJDK Runtime Environment"/>
    <property name="file.encoding" value="Cp1252"/>
    <property name="java.vm.name" value="OpenJDK 64-Bit Server VM"/>
    <property name="java.vendor.version" value="18.9"/>
    <property name="localRepository" value="C:\Users\adminIroads\.m2\repository"/>
    <property name="java.vendor.url.bug" value="http://bugreport.java.com/bugreport/"/>
    <property name="java.io.tmpdir" value="C:\Users\ADMINI~1\AppData\Local\Temp\"/>
    <property name="java.version" value="11.0.2"/>
    <property name="user.dir" value="C:\Users\adminIroads\Documents\is-il-automation-2.0"/>
    <property name="os.arch" value="amd64"/>
    <property name="java.vm.specification.name" value="Java Virtual Machine Specification"/>
    <property name="java.awt.printerjob" value="sun.awt.windows.WPrinterJob"/>
    <property name="sun.os.patch.level" value=""/>
    <property name="java.library.path" value="C:\Program Files\Java\JAVA_HOME_11_X64_openjdk-11.0.2_windows-x64_bin_zip\jdk-11.0.2\bin;C:\Windows\Sun\Java\bin;C:\Windows\system32;C:\Windows;C:\Program Files\Common Files\Oracle\Java\javapath;C:\Windows\system32;C:\Windows;C:\Windows\System32\Wbem;C:\Windows\System32\WindowsPowerShell\v1.0\;C:\Windows\System32\OpenSSH\;C:\Program Files\Git\cmd;C:\Program Files\PowerShell\7\;C:\Program Files\PowerShell\7-preview\preview;C:\Program Files\apache-maven-3.3.9\bin;C:\Users\adminIroads\AppData\Local\Programs\Python\Python310;C:\Users\adminIroads\AppData\Roaming\Programs\Python\Python311;C:\Users\adminIroads\AppData\Roaming\Programs\Python\Python311\Scripts;C:\Users\adminIroads\AppData\Local\Programs\Python\Python311\Scripts\;C:\Users\adminIroads\AppData\Local\Programs\Python\Python311\;C:\Users\adminIroads\AppData\Local\Programs\Python\Python310\Scripts\;C:\Users\adminIroads\AppData\Local\Programs\Python\Python310\;C:\Users\adminIroads\AppData\Local\Microsoft\WindowsApps;C:\Program Files\apache-maven-3.3.9\bin;C:\Users\adminIroads\AppData\Local\Programs\Python\Python311;;."/>
    <property name="java.vendor" value="Oracle Corporation"/>
    <property name="java.vm.info" value="mixed mode"/>
    <property name="java.vm.version" value="11.0.2+9"/>
    <property name="sun.io.unicode.encoding" value="UnicodeLittle"/>
    <property name="java.class.version" value="55.0"/>
  </properties>
  <testcase name="loginValid[bmF0aXlhemFtMTFAZ21haWwuY29t, Tm4xMjM0NTY3, RlJENTJPMlVDNFU3QjZUWDM3M09XSkdGVUU2WUFQTUk=](1)" classname="functional.LoginTest" time="27.25">
    <failure message="Element not found {[data-item-marker=&apos;פרויקטים&apos;]}&#10;Expected: exist&#10;Screenshot: file:/C:/Users/adminIroads/Documents/is-il-automation-2.0/build/reports/tests/functional/LoginTest/loginValid/1689595774454.0.png&#10;Page source: file:/C:/Users/adminIroads/Documents/is-il-automation-2.0/build/reports/tests/functional/LoginTest/loginValid/1689595774454.0.html&#10;Timeout: 5 s.&#10;Caused by: NoSuchElementException: no such element: Unable to locate element: {&quot;method&quot;:&quot;css selector&quot;,&quot;selector&quot;:&quot;[data-item-marker=&apos;פרויקטים&apos;]&quot;}" type="Element not found {[data-item-marker=&apos;פרויקטים&apos;]}&#10;Expected"><![CDATA[Element not found {[data-item-marker='פרויקטים']}
Expected: exist
Screenshot: file:/C:/Users/adminIroads/Documents/is-il-automation-2.0/build/reports/tests/functional/LoginTest/loginValid/1689595774454.0.png
Page source: file:/C:/Users/adminIroads/Documents/is-il-automation-2.0/build/reports/tests/functional/LoginTest/loginValid/1689595774454.0.html
Timeout: 5 s.
Caused by: NoSuchElementException: no such element: Unable to locate element: {"method":"css selector","selector":"[data-item-marker='פרויקטים']"}
	at com.codeborne.selenide.impl.WebElementSource.createElementNotFoundError(WebElementSource.java:56)
	at com.codeborne.selenide.impl.ElementFinder.createElementNotFoundError(ElementFinder.java:136)
	at com.codeborne.selenide.impl.WebElementSource.checkCondition(WebElementSource.java:87)
	at com.codeborne.selenide.commands.Should.execute(Should.java:30)
	at com.codeborne.selenide.commands.Should.execute(Should.java:14)
	at com.codeborne.selenide.commands.Commands.execute(Commands.java:153)
	at com.codeborne.selenide.impl.SelenideElementProxy.dispatchAndRetry(SelenideElementProxy.java:112)
	at com.codeborne.selenide.impl.SelenideElementProxy.invoke(SelenideElementProxy.java:68)
	at com.sun.proxy.$Proxy10.shouldBe(Unknown Source)
	at pages.MainPage.clickOnProjects(MainPage.java:38)
	at functional.LoginTest.loginValid(LoginTest.java:27)
	at java.base/jdk.internal.reflect.NativeMethodAccessorImpl.invoke0(Native Method)
	at java.base/jdk.internal.reflect.NativeMethodAccessorImpl.invoke(NativeMethodAccessorImpl.java:62)
	at java.base/jdk.internal.reflect.DelegatingMethodAccessorImpl.invoke(DelegatingMethodAccessorImpl.java:43)
	at java.base/java.lang.reflect.Method.invoke(Method.java:566)
	at org.testng.internal.MethodInvocationHelper.invokeMethod(MethodInvocationHelper.java:124)
	at org.testng.internal.Invoker.invokeMethod(Invoker.java:583)
	at org.testng.internal.Invoker.invokeTestMethod(Invoker.java:719)
	at org.testng.internal.Invoker.invokeTestMethods(Invoker.java:989)
	at org.testng.internal.TestMethodWorker.invokeTestMethods(TestMethodWorker.java:125)
	at org.testng.internal.TestMethodWorker.run(TestMethodWorker.java:109)
	at org.testng.TestRunner.privateRun(TestRunner.java:648)
	at org.testng.TestRunner.run(TestRunner.java:505)
	at org.testng.SuiteRunner.runTest(SuiteRunner.java:455)
	at org.testng.SuiteRunner.runSequentially(SuiteRunner.java:450)
	at org.testng.SuiteRunner.privateRun(SuiteRunner.java:415)
	at org.testng.SuiteRunner.run(SuiteRunner.java:364)
	at org.testng.SuiteRunnerWorker.runSuite(SuiteRunnerWorker.java:52)
	at org.testng.SuiteRunnerWorker.run(SuiteRunnerWorker.java:84)
	at org.testng.TestNG.runSuitesSequentially(TestNG.java:1208)
	at org.testng.TestNG.runSuitesLocally(TestNG.java:1137)
	at org.testng.TestNG.runSuites(TestNG.java:1049)
	at org.testng.TestNG.run(TestNG.java:1017)
	at org.apache.maven.surefire.testng.TestNGExecutor.run(TestNGExecutor.java:324)
	at org.apache.maven.surefire.testng.TestNGXmlTestSuite.execute(TestNGXmlTestSuite.java:74)
	at org.apache.maven.surefire.testng.TestNGProvider.invoke(TestNGProvider.java:123)
	at org.apache.maven.surefire.booter.ForkedBooter.runSuitesInProcess(ForkedBooter.java:456)
	at org.apache.maven.surefire.booter.ForkedBooter.execute(ForkedBooter.java:169)
	at org.apache.maven.surefire.booter.ForkedBooter.run(ForkedBooter.java:595)
	at org.apache.maven.surefire.booter.ForkedBooter.main(ForkedBooter.java:581)
Caused by: org.openqa.selenium.NoSuchElementException: no such element: Unable to locate element: {"method":"css selector","selector":"[data-item-marker='פרויקטים']"}
  (Session info: chrome=114.0.5735.199)
For documentation on this error, please visit: https://www.seleniumhq.org/exceptions/no_such_element.html
Build info: version: '3.141.59', revision: 'e82be7d358', time: '2018-11-14T08:17:03'
System info: host: 'DevOpsOperation', ip: '10.5.0.4', os.name: 'Windows 10', os.arch: 'amd64', os.version: '10.0', java.version: '11.0.2'
Driver info: org.openqa.selenium.chrome.ChromeDriver
Capabilities {acceptInsecureCerts: false, browserName: chrome, browserVersion: 114.0.5735.199, chrome: {chromedriverVersion: 114.0.5735.16 (7e1ff058633f..., userDataDir: C:\Users\ADMINI~1\AppData\L...}, goog:chromeOptions: {debuggerAddress: localhost:62295}, javascriptEnabled: true, networkConnectionEnabled: false, pageLoadStrategy: normal, platform: WINDOWS, platformName: WINDOWS, proxy: Proxy(), setWindowRect: true, strictFileInteractability: false, timeouts: {implicit: 0, pageLoad: 300000, script: 30000}, unhandledPromptBehavior: dismiss and notify, webauthn:extension:credBlob: true, webauthn:extension:largeBlob: true, webauthn:extension:minPinLength: true, webauthn:extension:prf: true, webauthn:virtualAuthenticators: true}
Session ID: 9c2ca81848426c0a103a2eda7f4a8e6f
*** Element info: {Using=css selector, value=[data-item-marker='פרויקטים']}
	at java.base/jdk.internal.reflect.NativeConstructorAccessorImpl.newInstance0(Native Method)
	at java.base/jdk.internal.reflect.NativeConstructorAccessorImpl.newInstance(NativeConstructorAccessorImpl.java:62)
	at java.base/jdk.internal.reflect.DelegatingConstructorAccessorImpl.newInstance(DelegatingConstructorAccessorImpl.java:45)
	at java.base/java.lang.reflect.Constructor.newInstance(Constructor.java:490)
	at org.openqa.selenium.remote.http.W3CHttpResponseCodec.createException(W3CHttpResponseCodec.java:187)
	at org.openqa.selenium.remote.http.W3CHttpResponseCodec.decode(W3CHttpResponseCodec.java:122)
	at org.openqa.selenium.remote.http.W3CHttpResponseCodec.decode(W3CHttpResponseCodec.java:49)
	at org.openqa.selenium.remote.HttpCommandExecutor.execute(HttpCommandExecutor.java:158)
	at org.openqa.selenium.remote.service.DriverCommandExecutor.execute(DriverCommandExecutor.java:83)
	at org.openqa.selenium.remote.RemoteWebDriver.execute(RemoteWebDriver.java:552)
	at org.openqa.selenium.remote.RemoteWebDriver.findElement(RemoteWebDriver.java:323)
	at org.openqa.selenium.remote.RemoteWebDriver.findElementByCssSelector(RemoteWebDriver.java:420)
	at org.openqa.selenium.By$ByCssSelector.findElement(By.java:431)
	at org.openqa.selenium.remote.RemoteWebDriver.findElement(RemoteWebDriver.java:315)
	at com.codeborne.selenide.impl.WebElementSelector.findElement(WebElementSelector.java:65)
	at com.codeborne.selenide.impl.WebElementSelector.findElement(WebElementSelector.java:40)
	at com.codeborne.selenide.impl.ElementFinder.getWebElement(ElementFinder.java:104)
	at com.codeborne.selenide.impl.WebElementSource.checkCondition(WebElementSource.java:72)
	... 37 more
]]></failure>
    <system-out><![CDATA[213042
213042
]]></system-out>
    <system-err><![CDATA[Starting ChromeDriver 114.0.5735.16 (7e1ff058633f5b79b1cd7479aca585ba385519d8-refs/branch-heads/5735@{#182}) on port 47895
Only local connections are allowed.
Please see https://chromedriver.chromium.org/security-considerations for suggestions on keeping ChromeDriver safe.
ChromeDriver was started successfully.
Jul 17, 2023 12:09:06 PM org.openqa.selenium.remote.ProtocolHandshake createSession
INFO: Detected dialect: W3C
[main] ERROR com.codeborne.selenide.logevents.SelenideLogger - Failed to call listener io.qameta.allure.selenide.AllureSelenide@8ed9cf
org.openqa.selenium.InvalidArgumentException: invalid argument: log type 'server' not found
  (Session info: chrome=114.0.5735.199)
Build info: version: '3.141.59', revision: 'e82be7d358', time: '2018-11-14T08:17:03'
System info: host: 'DevOpsOperation', ip: '10.5.0.4', os.name: 'Windows 10', os.arch: 'amd64', os.version: '10.0', java.version: '11.0.2'
Driver info: org.openqa.selenium.chrome.ChromeDriver
Capabilities {acceptInsecureCerts: false, browserName: chrome, browserVersion: 114.0.5735.199, chrome: {chromedriverVersion: 114.0.5735.16 (7e1ff058633f..., userDataDir: C:\Users\ADMINI~1\AppData\L...}, goog:chromeOptions: {debuggerAddress: localhost:62295}, javascriptEnabled: true, networkConnectionEnabled: false, pageLoadStrategy: normal, platform: WINDOWS, platformName: WINDOWS, proxy: Proxy(), setWindowRect: true, strictFileInteractability: false, timeouts: {implicit: 0, pageLoad: 300000, script: 30000}, unhandledPromptBehavior: dismiss and notify, webauthn:extension:credBlob: true, webauthn:extension:largeBlob: true, webauthn:extension:minPinLength: true, webauthn:extension:prf: true, webauthn:virtualAuthenticators: true}
Session ID: 9c2ca81848426c0a103a2eda7f4a8e6f
	at java.base/jdk.internal.reflect.NativeConstructorAccessorImpl.newInstance0(Native Method)
	at java.base/jdk.internal.reflect.NativeConstructorAccessorImpl.newInstance(NativeConstructorAccessorImpl.java:62)
	at java.base/jdk.internal.reflect.DelegatingConstructorAccessorImpl.newInstance(DelegatingConstructorAccessorImpl.java:45)
	at java.base/java.lang.reflect.Constructor.newInstance(Constructor.java:490)
	at org.openqa.selenium.remote.http.W3CHttpResponseCodec.createException(W3CHttpResponseCodec.java:187)
	at org.openqa.selenium.remote.http.W3CHttpResponseCodec.decode(W3CHttpResponseCodec.java:122)
	at org.openqa.selenium.remote.http.W3CHttpResponseCodec.decode(W3CHttpResponseCodec.java:49)
	at org.openqa.selenium.remote.HttpCommandExecutor.execute(HttpCommandExecutor.java:158)
	at org.openqa.selenium.remote.service.DriverCommandExecutor.execute(DriverCommandExecutor.java:83)
	at org.openqa.selenium.remote.RemoteWebDriver.execute(RemoteWebDriver.java:552)
	at org.openqa.selenium.remote.RemoteExecuteMethod.execute(RemoteExecuteMethod.java:35)
	at org.openqa.selenium.remote.RemoteLogs.getRemoteEntries(RemoteLogs.java:81)
	at org.openqa.selenium.remote.RemoteLogs.get(RemoteLogs.java:77)
	at com.codeborne.selenide.WebDriverLogs.getLogEntries(WebDriverLogs.java:38)
	at com.codeborne.selenide.WebDriverLogs.logs(WebDriverLogs.java:31)
	at com.codeborne.selenide.Selenide.getWebDriverLogs(Selenide.java:893)
	at io.qameta.allure.selenide.AllureSelenide.getBrowserLogs(AllureSelenide.java:116)
	at io.qameta.allure.selenide.AllureSelenide.lambda$null$3(AllureSelenide.java:144)
	at java.base/java.util.HashMap.forEach(HashMap.java:1336)
	at io.qameta.allure.selenide.AllureSelenide.lambda$afterEvent$4(AllureSelenide.java:143)
	at java.base/java.util.Optional.ifPresent(Optional.java:183)
	at io.qameta.allure.selenide.AllureSelenide.afterEvent(AllureSelenide.java:132)
	at com.codeborne.selenide.logevents.SelenideLogger.commitStep(SelenideLogger.java:96)
	at com.codeborne.selenide.logevents.SelenideLogger.commitStep(SelenideLogger.java:87)
	at com.codeborne.selenide.impl.SelenideElementProxy.invoke(SelenideElementProxy.java:74)
	at com.sun.proxy.$Proxy10.shouldBe(Unknown Source)
	at pages.MainPage.clickOnProjects(MainPage.java:38)
	at functional.LoginTest.loginValid(LoginTest.java:27)
	at java.base/jdk.internal.reflect.NativeMethodAccessorImpl.invoke0(Native Method)
	at java.base/jdk.internal.reflect.NativeMethodAccessorImpl.invoke(NativeMethodAccessorImpl.java:62)
	at java.base/jdk.internal.reflect.DelegatingMethodAccessorImpl.invoke(DelegatingMethodAccessorImpl.java:43)
	at java.base/java.lang.reflect.Method.invoke(Method.java:566)
	at org.testng.internal.MethodInvocationHelper.invokeMethod(MethodInvocationHelper.java:124)
	at org.testng.internal.Invoker.invokeMethod(Invoker.java:583)
	at org.testng.internal.Invoker.invokeTestMethod(Invoker.java:719)
	at org.testng.internal.Invoker.invokeTestMethods(Invoker.java:989)
	at org.testng.internal.TestMethodWorker.invokeTestMethods(TestMethodWorker.java:125)
	at org.testng.internal.TestMethodWorker.run(TestMethodWorker.java:109)
	at org.testng.TestRunner.privateRun(TestRunner.java:648)
	at org.testng.TestRunner.run(TestRunner.java:505)
	at org.testng.SuiteRunner.runTest(SuiteRunner.java:455)
	at org.testng.SuiteRunner.runSequentially(SuiteRunner.java:450)
	at org.testng.SuiteRunner.privateRun(SuiteRunner.java:415)
	at org.testng.SuiteRunner.run(SuiteRunner.java:364)
	at org.testng.SuiteRunnerWorker.runSuite(SuiteRunnerWorker.java:52)
	at org.testng.SuiteRunnerWorker.run(SuiteRunnerWorker.java:84)
	at org.testng.TestNG.runSuitesSequentially(TestNG.java:1208)
	at org.testng.TestNG.runSuitesLocally(TestNG.java:1137)
	at org.testng.TestNG.runSuites(TestNG.java:1049)
	at org.testng.TestNG.run(TestNG.java:1017)
	at org.apache.maven.surefire.testng.TestNGExecutor.run(TestNGExecutor.java:324)
	at org.apache.maven.surefire.testng.TestNGXmlTestSuite.execute(TestNGXmlTestSuite.java:74)
	at org.apache.maven.surefire.testng.TestNGProvider.invoke(TestNGProvider.java:123)
	at org.apache.maven.surefire.booter.ForkedBooter.runSuitesInProcess(ForkedBooter.java:456)
	at org.apache.maven.surefire.booter.ForkedBooter.execute(ForkedBooter.java:169)
	at org.apache.maven.surefire.booter.ForkedBooter.run(ForkedBooter.java:595)
	at org.apache.maven.surefire.booter.ForkedBooter.main(ForkedBooter.java:581)
]]></system-err>
  </testcase>
</testsuite>